<?xml version="1.0" encoding="UTF-8"?>
<!-- Generated by org.testng.reporters.JUnitReportReporter -->
<testsuite hostname="DESKTOP-V1MADG4" failures="0" tests="4" name="com.bat.MutatedKhatian.Test.TulonakariDeskTest" time="41.241" errors="0" timestamp="2021-09-18T21:50:48 BDT" skipped="0">
  <testcase classname="com.bat.MutatedKhatian.Test.TulonakariDeskTest" name="logintest" time="1.543"/>
  <system-out/>
  <testcase classname="com.bat.MutatedKhatian.Test.TulonakariDeskTest" name="logout" time="5.454"/>
  <system-out/>
  <testcase classname="com.bat.MutatedKhatian.Test.TulonakariDeskTest" name="tulonakaritest" time="34.220"/>
  <system-out/>
  <testcase classname="com.bat.MutatedKhatian.Test.TulonakariDeskTest" name="loginTestTitleVerify" time="0.024"/>
  <system-out/>
</testsuite> <!-- com.bat.MutatedKhatian.Test.TulonakariDeskTest -->
