<?xml version="1.0" encoding="UTF-8"?>
<!-- Generated by org.testng.reporters.JUnitReportReporter -->
<testsuite hostname="DESKTOP-V1MADG4" failures="0" tests="4" name="com.bat.MutatedKhatian.Test.EntrykariDeskTest" time="189.924" errors="0" timestamp="2021-09-18T21:50:48 BDT" skipped="0">
  <testcase classname="com.bat.MutatedKhatian.Test.EntrykariDeskTest" name="khatianEntry" time="178.349"/>
  <system-out/>
  <testcase classname="com.bat.MutatedKhatian.Test.EntrykariDeskTest" name="loginTestTitleVerify" time="3.808"/>
  <system-out/>
  <testcase classname="com.bat.MutatedKhatian.Test.EntrykariDeskTest" name="logout" time="5.523"/>
  <system-out/>
  <testcase classname="com.bat.MutatedKhatian.Test.EntrykariDeskTest" name="logintest" time="2.244"/>
  <system-out/>
</testsuite> <!-- com.bat.MutatedKhatian.Test.EntrykariDeskTest -->
