<?xml version="1.0" encoding="UTF-8"?>
<!-- Generated by org.testng.reporters.JUnitReportReporter -->
<testsuite hostname="DESKTOP-V1MADG4" failures="0" tests="4" name="com.bat.MutatedKhatian.Test.EntrykariDeskTest" time="169.888" errors="0" timestamp="2021-09-18T14:09:20 BDT" skipped="0">
  <testcase classname="com.bat.MutatedKhatian.Test.EntrykariDeskTest" name="loginTestTitleVerify" time="3.190"/>
  <system-out/>
  <testcase classname="com.bat.MutatedKhatian.Test.EntrykariDeskTest" name="khatianEntry" time="165.185"/>
  <system-out/>
  <testcase classname="com.bat.MutatedKhatian.Test.EntrykariDeskTest" name="logout" time="0.361"/>
  <system-out/>
  <testcase classname="com.bat.MutatedKhatian.Test.EntrykariDeskTest" name="logintest" time="1.152"/>
  <system-out/>
</testsuite> <!-- com.bat.MutatedKhatian.Test.EntrykariDeskTest -->
