<?xml version="1.0" encoding="UTF-8"?>
<!-- Generated by org.testng.reporters.JUnitReportReporter -->
<testsuite hostname="DESKTOP-V1MADG4" failures="0" tests="4" name="com.bat.MutatedKhatian.Test.LoginTest" time="6.476" errors="0" timestamp="2021-09-14T17:23:48 BDT" skipped="0">
  <testcase classname="com.bat.MutatedKhatian.Test.LoginTest" name="logintest" time="1.545"/>
  <system-out/>
  <testcase classname="com.bat.MutatedKhatian.Test.LoginTest" name="loginTestTitleVerify" time="0.151"/>
  <system-out/>
  <testcase classname="com.bat.MutatedKhatian.Test.LoginTest" name="logintest" time="1.098"/>
  <system-out/>
  <testcase classname="com.bat.MutatedKhatian.Test.LoginTest" name="loginTestTitleVerify" time="3.682"/>
  <system-out/>
</testsuite> <!-- com.bat.MutatedKhatian.Test.LoginTest -->
