<?xml version="1.0" encoding="UTF-8"?>
<!-- Generated by org.testng.reporters.JUnitReportReporter -->
<testsuite hostname="DESKTOP-V1MADG4" failures="0" tests="4" name="com.bat.MutatedKhatian.Test.JacaikariDeskTest" time="39.688" errors="0" timestamp="2021-09-18T21:50:48 BDT" skipped="0">
  <testcase classname="com.bat.MutatedKhatian.Test.JacaikariDeskTest" name="logintest" time="1.686"/>
  <system-out/>
  <testcase classname="com.bat.MutatedKhatian.Test.JacaikariDeskTest" name="loginTestTitleVerify" time="0.088"/>
  <system-out/>
  <testcase classname="com.bat.MutatedKhatian.Test.JacaikariDeskTest" name="jacaikaritest" time="32.369"/>
  <system-out/>
  <testcase classname="com.bat.MutatedKhatian.Test.JacaikariDeskTest" name="logout" time="5.545"/>
  <system-out/>
</testsuite> <!-- com.bat.MutatedKhatian.Test.JacaikariDeskTest -->
