<?xml version="1.0" encoding="UTF-8"?>
<!-- Generated by org.testng.reporters.JUnitReportReporter -->
<testsuite hostname="DESKTOP-V1MADG4" failures="0" tests="3" name="com.bat.MutatedKhatian.Test.OnumodonkariDeskTest" time="50.385" errors="0" timestamp="2021-09-18T21:50:48 BDT" skipped="0">
  <testcase classname="com.bat.MutatedKhatian.Test.OnumodonkariDeskTest" name="onumodonkaritest" time="48.774"/>
  <system-out/>
  <testcase classname="com.bat.MutatedKhatian.Test.OnumodonkariDeskTest" name="loginTestTitleVerify" time="0.037"/>
  <system-out/>
  <testcase classname="com.bat.MutatedKhatian.Test.OnumodonkariDeskTest" name="logintest" time="1.574"/>
  <system-out/>
</testsuite> <!-- com.bat.MutatedKhatian.Test.OnumodonkariDeskTest -->
